生成启动时间为 2020/1/20 9:31:02。
     1>项目“F:\编程\代码\C\他人\谭浩强c\文件\文件的输入测试\文件的输入测试\文件的输入测试.vcxproj”在节点 2 上(build 个目标)。
     1>InitializeBuildStatus:
         正在创建“Debug\文件的输入测试.unsuccessfulbuild”，因为已指定“AlwaysCreate”。
       ClCompile:
         所有输出均为最新。
         C:\Program Files (x86)\Microsoft Visual Studio 10.0\VC\bin\CL.exe /c /ZI /nologo /W3 /WX- /Od /Oy- /D WIN32 /D _DEBUG /D _CONSOLE /D _UNICODE /D UNICODE /Gm /EHsc /RTC1 /MDd /GS /fp:precise /Zc:wchar_t /Zc:forScope /Yu"StdAfx.h" /Fp"Debug\文件的输入测试.pch" /Fo"Debug\\" /Fd"Debug\vc100.pdb" /Gd /TP /analyze- /errorReport:prompt "文件的输入测试.cpp"
         文件的输入测试.cpp
     1>f:\编程\代码\c\他人\谭浩强c\文件\文件的输入测试\文件的输入测试\文件的输入测试.cpp(15): warning C4996: 'gets': This function or variable may be unsafe. Consider using gets_s instead. To disable deprecation, use _CRT_SECURE_NO_WARNINGS. See online help for details.
                 c:\program files (x86)\microsoft visual studio 10.0\vc\include\stdio.h(277) : 参见“gets”的声明
     1>f:\编程\代码\c\他人\谭浩强c\文件\文件的输入测试\文件的输入测试\文件的输入测试.cpp(16): warning C4996: 'fopen': This function or variable may be unsafe. Consider using fopen_s instead. To disable deprecation, use _CRT_SECURE_NO_WARNINGS. See online help for details.
                 c:\program files (x86)\microsoft visual studio 10.0\vc\include\stdio.h(234) : 参见“fopen”的声明
       ManifestResourceCompile:
         所有输出均为最新。
       Link:
         C:\Program Files (x86)\Microsoft Visual Studio 10.0\VC\bin\link.exe /ERRORREPORT:PROMPT /OUT:"F:\编程\代码\C\他人\谭浩强c\文件\文件的输入测试\Debug\文件的输入测试.exe" /INCREMENTAL /NOLOGO kernel32.lib user32.lib gdi32.lib winspool.lib comdlg32.lib advapi32.lib shell32.lib ole32.lib oleaut32.lib uuid.lib odbc32.lib odbccp32.lib /MANIFEST /ManifestFile:"Debug\文件的输入测试.exe.intermediate.manifest" /MANIFESTUAC:"level='asInvoker' uiAccess='false'" /DEBUG /PDB:"F:\编程\代码\C\他人\谭浩强c\文件\文件的输入测试\Debug\文件的输入测试.pdb" /SUBSYSTEM:CONSOLE /TLBID:1 /DYNAMICBASE /NXCOMPAT /IMPLIB:"F:\编程\代码\C\他人\谭浩强c\文件\文件的输入测试\Debug\文件的输入测试.lib" /MACHINE:X86 "Debug\文件的输入测试.exe.embed.manifest.res"
         Debug\stdafx.obj
         "Debug\print SUCCEED.obj"
         "Debug\print FAILED.obj"
         "Debug\文件的输入测试.obj"
       Manifest:
         C:\Program Files (x86)\Microsoft SDKs\Windows\v7.0A\bin\mt.exe /nologo /verbose /out:"Debug\文件的输入测试.exe.embed.manifest" /manifest "Debug\文件的输入测试.exe.intermediate.manifest"
         所有输出均为最新。
       LinkEmbedManifest:
         所有输出均为最新。
         文件的输入测试.vcxproj -> F:\编程\代码\C\他人\谭浩强c\文件\文件的输入测试\Debug\文件的输入测试.exe
       FinalizeBuildStatus:
         正在删除文件“Debug\文件的输入测试.unsuccessfulbuild”。
         正在对“Debug\文件的输入测试.lastbuildstate”执行 Touch 任务。
     1>已完成生成项目“F:\编程\代码\C\他人\谭浩强c\文件\文件的输入测试\文件的输入测试\文件的输入测试.vcxproj”(build 个目标)的操作。

生成成功。

已用时间 00:00:01.16
